[   0.000000] Linux version 4.15.0-88-generic (buildd@lgw01amd64-036) (gcc version 7.40 (Uuntu 7.4.0-1ubuntu1~18.04.1) #88-Ubunt SMP Tue Fe 11 20:11:34UTC 2020 (Ubuntu 415.0-8.88-generic 4.15.18)
[    0.000000] Command line: BOOT_IMAGE/boot/mlinuz-4.15.0-88-generic root=ABELcloudimg-rootfs ro consoltty1 console=ttS0
[   0.000000] KERNEL supported cpus:
[   0.000000]  Intel GenuineItel
[    0.000000]   AMD AuthenticAMD
[    0.000000]   Centaur CentaurHauls
[    0.000000] x86/fpu: Supporting XSAVE feature 0x001: 'x87 floating point registers'
[   0.000000] x86/fpu: Supporting XSAVE feature 0x002: 'SSE registers'
[    0.000000] x86/fpu: Supporting XSAVE feature 0x004: 'AVX registers'
[    0.000000] x86/fpu: xstate_offset[2]:  576,xstate_sizes2]:  256
[    0.000000] x86/fpu: Enabled xstate features 0x7, coext size is 832 bytes, usig 'standard format.
[    0.000000] e820: BIOS-provided physical RAM map:
[    0.000000] BIOS-e80: [mem x0000000000000000-0x000000000009fff] usble
[    0.000000] BIOS-e82: [mem 0x000000000009fc000x0000000000009ffff] reserved
[    0.000000] BIOS-e820: [mem 000000000000f0000-x00000000000fffff] reserved
[    0.000000] BIOS-e820: [mem 0x00000000010000-0x000000003ffeffff] usable
[    0.000000] BIS-e820: [mem 0x000000003ff0000-0x000000003fffffff]ACPI data
    0.000000] BIOS-e820: [mem 0x00000000fec00000-0x0000000fc00fff] reserved
[    0.000000] BIO-e20: [mem 0x00000000fee00000-0x00000000fee00fff] reserved
[    0.000000] BIS-e820: mem 0x00000000fffc0000-00000000ffffffff] resrved
[    0.00000] NX (Execute Disable) protection: active
[    0.00000] SMBIOS .5 present.
[   0.00000] DMI: innotek GmbH VirtualBox/VirtulBox, BIOS VirtulBox 12/01/2006[    0.000000] Hyperisor detected: KVM
[    0.00000] e820: last_pfn = 0x3fff0 max_arch_pfn = 0x400000000
[    0.00000] MTRR: Disabled
[    0000000] x86/PAT: MTRRs disabled, skipping PAT initialization too.
[    0.000000] CPU MTRRs all blank - virtualized system.
[    .00000] x86/PAT: Configration 0-7]: WB  WT  UC- UC  WB  WT  UC- UC  
[    0.000000] found SMP MP-table at [mem 0x0009fff0-0x0009ffff]
[    0.000000] Scanning 1 areas for low memory corruption
[    0.000000] RAMDISK:[mem 0x35a6000-0x36d2dff]
[    0.00000] ACPI: Early tabe chcksum verification disabled
[    0.000000 ACPI:RSDP 0x0000000000E0000 000024 (v02 VBOX  )
[    0.000000] ACPI: XSDT 0x000000003FFF0030 00003C (v01 VBOX  VBOXSDT 00000001 ASL  0000061)
[    0.00000] ACPI: FAP 0x000000003FFF00F0 0000F4 (04 VBOX   VBOXFACP 0000001 AL  00000061)
[    0000000] ACPI: DDT 0x000000003FFF0470 002FF (v02 BOX   VBOXBIOS 000002 INTL 2010058)
[    0.00000] ACPI: FACS 0x000000003FF020 000040
[    0.00000] ACPI: FACS 0x000000003FFF0200 000040
[    0.00000] ACPI: APIC 0x000000003FF0240 0005C (v02 VBOX   VOXAPIC 00000001 ASL  00000061)
[    0.000000] ACPI: SSDT 0x000000003FFF02A0 0001CC (v01 VBOX   VBOXCPUT 00000002 INTL 20100528)
[    0.000000] No NUMA configuration found
[    0.000000] Faking a node at [mem 0x0000000000000000-0x000000003ffeffff]
[    0.000000] NODE_DATA(0) allocated [mem 0x3ffc5000-0x3ffefff]
[    0.000000] kvm-clock: cpu 0, msr 0:3ff44001, primary cpu clock
[    0.000000] kvm-clock: Using msrs 4b564d01 and 4b564d00
[    0.000000] kvm-clock: using sched offset of 9851814934 cycles
[    0.000000] clocksource: kvm-clock: mask: 0xffffffffffffffff max_cycles: 0x1cd42e4dffb, max_idle_ns: 881590591483 ns
[    0.000000] Zone ranges:
[    0.000000]   DMA      [mem 0x0000000000001000-0x0000000000ffffff]
[    0.000000]   DMA32    [mem 0x0000000001000000-0x000000003ffeffff]
[    0.000000]   Normal   empty
[    0.000000]   Device   empty
[    0.000000] Movable zone start for each node
[    0.000000] Early memory node ranges
[    0.000000]   node   0: [mem 0x0000000000001000-0x000000000009efff]
[    0.000000]   node   0: [mem 0x0000000000100000-0x000000003ffeffff]
[    0.000000] Reserved but unavailable: 98 pages
[    0.000000] Initmem setup node 0 [mem 0x0000000000001000-0x000000003ffeffff]
[    0.000000] ACPI: PM-Timer IO Port 0x4008
    0.000000] IOAPIC[0]: apic_id 2, version 32, address 0xfec00000, GSI 0-23
[    0.000000] ACPI: INT_SRC_OVR (bus 0 bus_irq 0 gloal_irq 2 dl dfl)
[    0.000000] ACPI: INT_SRC_OVR (buss 0 bus_irq 9 global_irq 9 low level)
[    0.000000] Using ACPI (MDT) fr SMP configuratin information
[    0.000000] smpboot: Allowing 2 CPUs,  hotplug CPUs
[    0.000000] PM: Registered nosave memory:[mem 0x00000000-0x00000fff]
[    0.000000] PM: Registered nosave memoy: [mem 00009f000-0x0009ffff]
[    0.000000] PM: Registered nosave memory: [mem 0x000a0000-0x000effff]
    0.00000] PM: Registered nsave memry: [mem 0x000f0000-0x000fffff]
[    0.000000] e80: [mem 0x40000000-0xfebfffff] availabl for PCI devices
[    0.000000] Booting paravirtualized kernel on KVM
[    .000000] clocksource: refined-jiffies: mask: 0xffffffff max_cycles: 0xffffffff, mx_idle_ns: 7645519600211568 ns
[    0.000000] random: get_random_bytes called from start_krnel+0x99/0x4fd with crng_init=0
[    0.00000]setup_percpu: R_CPUS:8192 nr_cpumask_bits:2 nr_cpu_ids:2 nr_node_ids:1
[    0.000000] percpu: Embedded 45 pages/cpu s147456 r8192 d28672 u1048576
[    0.00000] PV spinock hash table entries: 256 (oder: 0, 4096 byte)
[    0.000000] Built 1 zonelists, mobilitygrouping on.  otal pages: 257913
[    0.000000] Policy zone: DMA32
[    0.000000] Kernel command line: BOOT_IMAGE=/boot/vmlinuz-4.15.0-88-generic root=LABEL=cloudimg-rootfs ro console=tty1 console=ttyS0
[    0.000000] Memory: 983068K/1048120K available (12300K kernel code, 2481K rwdata, 4264K rodata, 2428K init, 2712K bss, 65052K reserved, 0K cma-reserved)
[    0.000000] SLUB: HWalign=64, Order=0-3, MinObjects=0, CPUs=2, Nodes=1
[    0.000000] Kernel/User page tables isolation: enabled
[    0.000000] ftrace: allocating 39344 entries in 154 pages
[    .004000] Hierachcal RCU implementation.
[    0.004000] 	RCU restricting CPUs from NR_CPUS8192 to nr_cpu_ids=2.
[   0.004000] 	TasksRCU enaled.
[    0.004000] RCU: Adjusting geometry for rcu_fanout_leaf=16, nr_cpu_ids=2
[    0.004000] NR_IRQS: 5245444, nr_irqs: 440, preallocated irqs: 16
[    0.004000] Console: colour VGA+ 80x25
[    0.004000] console [tty1] enabled
[    0.004000] console [ttyS0] enabled
[   0.004000] ACPI: Core revision 20170831
[    0.004000] ACPI: 2 ACPI AML tables successfully acquired and loaded
[    0.004000] APIC: Switch to symmetric I/O mode setup
[    0.004000] x2apic enabled
[    0.004008] Switched APIC routing to physical x2apic.

[    0.007696] ..TIMER: vector=0x30 apic1=0 pin1=2 apic2=-1 pin2=-1
[    0.008008] tsc: Detected 1599.999 MHz processor
[    0.010113] Calibrating delay loop (skipped) preset value.. 3199.99 BogoMIPS (lpj=6399996)
[    0.012010] pid_max: default: 32768 minimum: 301
[    0.016057] Security Framework initialized
[    0.020009] Yama: becoming mindful.
[    0.021607] AppArmor: AppArmor initialized
[    0.026330] Dentry cache hash table entries: 131072 (order: 8, 1048576 bytes)
[    0.028122] Inode-cache hash table entries: 65536 (order: 7, 524288 bytes)
[    0.032039] Mount-cache hash table entries: 2048 (order: 2, 16384 bytes)
[    0.036025] Mountpoint-cache hash table entries: 2048 (order: 2, 16384 bytes)
[    0.039508] Last level iTLB entries: 4KB 64, 2MB 8, 4MB 8
[    0.040009] Last level dTLB entries: 4KB 64, 2MB 0, 4MB 0, 1GB 4
[    0.044010] Spectre V1 : Mitigation: usercopy/swapgs barriers and __user pointer sanitization
[    0.048008] Spectre V2 : Mitigation: Full generic retpoline
[    0.056004] Spectre V2 : Spectre v2 / SpectreRSB mitigation: Filling RSB on context switch
[    0.059710] Speculative Store Bypass: Vulnerable
[    0.060066] MDS: Mitigation: Clear CPU buffers
[    0.064244] Freeing SMP alternatives memory: 36K
[    0.172585] smpboot: CPU0: Intel(R) Core(TM) i5-5250U CPU @ 1.60GHz (family: 0x6, model: 0x3d, stepping: 0x4)
[    0.176108] Performance Events: unsupported p6 CPU model 61 no PMU driver, software events only.
[    0.180073] Hierarchical SRCU implementation.
[    0.184985] NMI watchdog: Perf event create on CPU 0 failed with -2
[    0.188006] NMI watchdog: Perf NMI watchdog permanently disabled
[    0.192083] smp: Bringing up secondary CPUs ...
[    0.194267] x86: Booting SMP configuration:
[    0.196008] .... node  #0, CPUs:      #1
[    0.004000] kvm-clock: cpu 1, msr 0:3ff44041, secondary cpu clock
[    0.204030] smp: Brought up 1 node, 2 CPUs
[    0.208009] smpboot: Max logical packages: 1
[    0.210009] smpboot: Total of 2 processors activated (6399.99 BogoMIPS)
[    0.212979] devtmpfs: initialized
[    0.216076] x86/mm: Memory block size: 128MB
[    0.218443] evm: security.selinux
[    0.220005] evm: security.SMACK64
[    0.221130] evm: security.SMACK64EXEC
[    0.222727] evm: security.SMACK64TRANSMUTE
[    0.224005] evm: security.SMACK64MMAP
[    0.225777] evm: security.apparmor
[    0.228003] evm: security.ima
[    0.229542] evm: security.capability
[    0.232169] clocksource: jiffies: mask: 0xffffffff max_cycles: 0xffffffff, max_idle_ns: 7645041785100000 ns
[    0.236018] futex hash table entries: 512 (order: 3, 32768 bytes)
[    0.240090] pinctrl core: initialized pinctrl subsystem
[    0.242415] RTC time: 21:25:52, date: 04/11/20
[    0.244996] NET: Registered protocol family 16
[    0.248111] audit: initializing netlink subsys (disabled)
[    0.252125] audit: type=2000 audit(1586640359.461:1): state=initialized audit_enabled=0 res=1
[    0.256271] cpuidle: using governor ladder
[    0.260017] cpuidle: using governor menu
[    0.261687] ACPI: bus type PCI registered
[    0.263464] acpiphp: ACPI Hot Plug PCI Controller Driver version: 0.5
[    0.264167] PCI: Using configuration type 1 for base access
[    0.272165] HugeTLB registered 2.00 MiB page size, pre-allocated 0 pages
[    0.276120] ACPI: Added _OSI(Module Device)
[    0.277535] ACPI: Added _OSI(Processor Device)
[    0.279116] ACPI: Added _OSI(3.0 _SCP Extensions)
[    0.280023] ACPI: Added _OSI(Processor Aggregator Device)
[    0.284019] ACPI: Added _OSI(Linux-Dell-Video)
[    0.285577] ACPI: Added _OSI(Linux-Lenovo-NV-HDMI-Audio)
[    0.288010] ACPI: Added _OSI(Linux-HPI-Hybrid-Graphics)
[    0.290781] ACPI: Executed 1 blocks of module-level executable AML code
[    0.298257] ACPI: Interpreter enabled
[    0.300029] ACPI: (supports S0 S5)
[    0.308013] ACPI: Using IOAPIC for interrupt routing
[    0.312369] PCI: Using host bridge windows from ACPI; if necessary, use "pci=nocrs" and report a bug
[    0.316338] ACPI: Enabled 2 GPEs in block 00 to 07
[    0.328980] ACPI: PCI Root Bridge [PCI0] (domain 0000 [bus 00-ff])
[    0.332028] acpi PNP0A03:00: _OSC: OS supports [ASPM ClockPM Segments MSI]
[    0.336062] acpi PNP0A03:00: _OSC: not requesting OS control; OS requires [ExtendedConfig ASPM ClockPM MSI]
[    0.340032] acpi PNP0A03:00: fail to add MMCONFIG information, can't access extended PCI configuration space under this bridge.
[    0.344722] PCI host bridge to bus 0000:00
[    0.348007] pci_bus 0000:00: root bus resource [io  0x0000-0x0cf7 window]
[    0.352010] pci_bus 0000:00: root bus resource [io  0x0d00-0xffff window]
[    0.354828] pci_bus 0000:00: root bus resource [mem 0x000a0000-0x000bffff window]
[    0.356010] pci_bus 0000:00: root bus resource [mem 0x40000000-0xfdffffff window]
[    0.360010] pci_bus 0000:00: root bus resource [bus 00-ff]
[    0.370292] pci 0000:00:01.1: legacy IDE quirk: reg 0x10: [io  0x01f0-0x01f7]
[    0.372010] pci 0000:00:01.1: legacy IDE quirk: reg 0x14: [io  0x03f6]
[    0.376005] pci 0000:00:01.1: legacy IDE quirk: reg 0x18: [io  0x0170-0x0177]
[    0.380010] pci 0000:00:01.1: legacy IDE quirk: reg 0x1c: [io  0x0376]
[    0.413764] pci 0000:00:07.0: quirk: [io  0x4000-0x403f] claimed by PIIX4 ACPI
[    0.416030] pci 0000:00:07.0: quirk: [io  0x4100-0x410f] claimed by PIIX4 SMB
[    0.433762] ACPI: PCI Interrupt Link [LNKA] (IRQs 5 9 10 *11)
[    0.440409] ACPI: PCI Interrupt Link [LNKB] (IRQs 5 9 *10 11)
[    0.444268] ACPI: PCI Interrupt Link [LNKC] (IRQs 5 *9 10 11)
[    0.452216] ACPI: PCI Interrupt Link [LNKD] (IRQs 5 9 10 *11)
[    0.456601] SCSI subsystem initialized
[    0.460110] pci 0000:00:02.0: vgaarb: setting as boot VGA device
[    0.464000] pci 0000:00:02.0: vgaarb: VGA device added: decodes=io+mem,owns=io+mem,locks=none
[    0.464011] pci 0000:00:02.0: vgaarb: bridge control possible
[    0.468006] vgaarb: loaded
[    0.472071] ACPI: bus type USB registered
[    0.476049] usbcore: registered new interface driver usbfs
[    0.478281] usbcore: registered new interface driver hub
[    0.480050] usbcore: registered new device driver usb
[    0.484199] EDAC MC: Ver: 3.0.0
[    0.488509] PCI: Using ACPI for IRQ routing
[    0.490204] NetLabel: Initializing
[    0.492006] NetLabel:  domain hash size = 128
[    0.496007] NetLabel:  protocols = UNLABELED CIPSOv4 CALIPSO
[    0.497788] NetLabel:  unlabeled traffic allowed by default
[    0.500118] clocksource: Switched to clocksource kvm-clock
[    0.543028] VFS: Disk quotas dqot_6.6.0
[    0.590232] VFS: Dquot-cache hash table entries: 512 (order 0, 4096 bytes)
[    0.594387] AppArmor: AppArmor Filesystem Enabled
[    0.597498] pnp: PnP ACPI init
[    0.603856] pnp: PnP ACPI: found 3 dvices

[    0.652408 clocksource: acpi_pm:mask: 0xfffff max_cycls: 0xfffff, max_idle_s: 2085701024 ns
    0.82238] NET: Registered prtocol family 2

[    0.907913] TCP establshed hash tale entries: 8192 (ordr: 4, 6536 byes)
[    1.048789] TCP bind hah tabl entries: 8192 (order: 5 131072 bytes)
[   1.136522] TCP: Hash tables cnfigured (stablishd 8192 bind 892)
[    1300790 UDP hash tableentries: 512 (order: 2, 16384 byes)
[    1.1252] UDP-Lite hah table entries: 512 (order: 2, 16384 bytes)
[    1.498027] NET: Registered protocol family 1
[    1.500138] pci 0000:00:00.0: Limitingdirect PCI/PC trasfers
[    1.624352] pci 0000:00:01.0: Activating ISA DMA hangorkarounds
[    .712803] pci 0000::02.0: Video device with shadowed ROM at [mem 0x000c0000-0x000dffff]

[    1.835652] Unpacking initramfs...
[    2.199568] Freeing initrd memory: 19204K
[    2.210717] clocksource: tsc: mask: 0xffffffffffffffff max_cycles: 0x171023f09ff, max_idle_ns: 440795233615 ns
[    2.232454] platform rtc_cmos: registered platform RTC device (no PNP device found)
[    2.281132] Scanning for low memory corruption every 60 seconds
[    2.322023] Initialise system trusted keyrings
[    2.332573] Key type blacklist registered
[    2.342001] workingset: timestamp_bits=36 max_order=18 bucket_order=0
[    2.357969] zbud: loaded
[    2.366219] squashfs: version 4.0 (2009/01/31) Phillip Lougher
[    2.381275] fuse init (API version 7.26)
[    2.400266] Key type asymmetric registered
[    2.401933] Asymmetric key parser 'x509' registered
[    2.405087] Block layer SCSI generic (bsg) driver version 0.4 loaded (major 246)
[    2.429483] io scheduler noop registered
[    2.450264] io scheduler deadline registered
[    2.453871] io scheduler cfq registered (default)
[    2.462921] CPI: AC Adapter [C] (off-line)

[    2.524160] input: Power Button as /devices/LNXSYSTM:00/LNXPWRBN:00/input/input0
[    2530593] ACPI: ower Buton [PWRF]
[    2640534] iput: Slep Buttonas /devies/LNXYSTM:00/LNXSLPN:00/input/input1

[    2.861846] ACPI: Sleep Button [SLPF]
[    2.866713] ACPI: Battery Slot [BAT0] (battery present)
[    2.868703] Serial: 8250/16550 driver, 32 ports, IRQ sharing enabled
[    2.898816] 00:02: ttyS0 at I/O0x3f8 (irq = 4, base_baud = 1200) is a 16550A

[    3.022481] Linux agpgart interface v0.103
[    3.025921] loop: module loaded
[    3.027589] scsi host0: ata_piix
[    3.028847] scsi host1: ata_piix
[    3.030277] ata1: PATA max UDMA/33 cmd 0x1f0 ctl 0x3f6 bmdma 0xd000 irq 14
[    3.032572] ata2: PATA max UDMA/33 cmd 0x170 ctl 0x376 bmdma 0xd008 irq 15
[    3.039117] libphy: Fixed MDIO Bus: probed
[    3.040423] tun: Universal TUN/TAP device driver, 1.6
[    3.042116] PPP generic driver version 2.4.2
[    3.043505] ehci_hcd: USB 2.0 'Enhanced' Host Controller (EHCI) Driver
[    3.045455] ehci-pci: EHCI PCI platform driver
[    3.052927] ehci-platform: EHCI generic platform driver
[    3.065483] ohci_hcd: USB 1.1 'Open' Host Controller (OHCI) Driver
[    3.089923] ohci-pci: OHCI PCI platform driver
[    3.091728] ohci-platform: OHCI generic platform driver
[    3.112391] uhci_hcd: USB Universal Host Controller Interface driver
[    3.121607] i8042: PNP: PS/2 Controller [PNP0303:PS2K,PNP0f03:PS2M] at 0x60,0x64 irq 1,12
[    3.133982] serio: i8042 KBD port at 0x60,0x64 irq 1
[    3.137318] serio: i8042 AUX port at 0x60,0x64 irq 12
[    3.153139] mousedev: PS/2 mouse device common for all mice
[    3.174091] rtc_cmos rtc_cmos: rtc core: registered rtc_cmos as rtc0
[    3.189468] rtc_cmos rtc_cmos: alarms up to one day, 114 bytes nvram
[    3.209263] i2c /dev entries driver
[    3.217209] input: AT Translated Set 2 keyboard as /devices/platform/i8042/serio0/input/input2
[    3.224251] device-mapper: uevent: version 1.0.3
[    3.231291] device-mapper: ioctl: 4.37.0-ioctl (2017-09-20) initialised: dm-devel@redhat.com
[    3.246261] ledtrig-cpu: registered to indicate activity on CPUs
[    3.262114] NET: Registered protocol family 10
[    3.284336] Segment Routing with IPv6
[    3.289477] NET: Registered protocol family 17
[    3.298379] Key type dns_resolver registered
[    3.307185] mce: Using 0 MCE banks
[    3.315305] RAS: Correctable Errors collector initialized.
[    3.322603] sched_clock: Marking stable (3322568170, 0)->(8217079577, -4894511407)
[    3.348665] registered taskstats version 1
[    3.361388] Loading compiled-in X.509 certificates
[    3.381113] Loaded X.509 cert 'Build time autogenerated kernel key: f0020782f0d3a548186fb3f47aed88387a71e859'
[    3.405357] zswap: loaded using pool lzo/zbud
[    3.429344] Key type big_key registered
[    3.432139] Key type trusted registered
[    3.443320] Key type encrypted registered
[    3.448100] AppArmor: AppArmor sha1 policy hashing enabled
[    3.462382] ima: No TPM chip found, activating TPM-bypass! (rc=-19)
[    3.477854] ima: Allocated hash algorithm: sha1
[    3.482277] evm: HMAC attrs: 0x1
[    3.486893]   Magic number: 0:417:449
[    3.494700] rtc_cmos rtc_cmos: setting system clock to 2020-04-11 21:25:56 UTC (1586640356)
[    3.509451] BIOS EDD facility v0.16 2004-Jun-25, 0 devices found
[    3.520545] EDD information not available.
[    3.535054] Freeing unused kernel image memory: 2428K
[    3.568488] Write protecting the kernel read-only data: 20480k
[    3.582450] Freeing unused kernel image memory: 2008K
[    3.599284] Freeing unused kernel image memory: 1880K
[    3.622470] x86/mm: Checked W+X mappings: passed, no W+X pages found.
[    3.632583] x86/mm: Checking user space page tables
[    3.655523] x86/mm: Checked W+X mappings: passed, no W+X pages found.
Loading, please wait...
starting version 237
[    3.758560] e1000: Intel(R) PRO/1000 Network Driver - version 7.3.21-k8-NAPI
[    3.761754] e1000: Copyright (c) 1999-2006 Intel Corporation.
[    3.769142] Fusion MPT base driver 3.04.20
[    3.770929] Copyright (c) 1999-2008 LSI Corporation
[    3.797178] AVX2 version of gcm_enc/dec engaged.
[    3.797179] Fusion MPT SPI Host driver 3.04.20
[    3.813099] AES CTR mode by8 optimization enabled
[    3.821109] mptbase: ioc0: Initiating bringup
[    4.162583] input: ImExPS/2 Generic Explorer Mouse as /devices/platform/i8042/serio1/input/input4
[    5.161274] ioc0: LSI53C1030 A0: Capabilities={Initiator}
[    5.408444] scsi host2: ioc0: LSI53C1030 A0, FwRev=00000000h, Ports=1, MaxQ=256, IRQ=20
[    5.582732] scsi 2:0:0:0: Direct-Access     VBOX     HARDDISK         1.0  PQ: 0 ANSI: 5
[    5.660731] scsi target2:0:0: Beginning Domain Validation
[    6.165619] scsi target2:0:0: Domain Validation skipping write tests
[    6.168513] scsi target2:0:0: Ending Domain Validation
[    6.170925] scsi target2:0:0: asynchronous
[    6.174115] scsi 2:0:1:0: Direct-Access     VBOX     HARDDISK         1.0  PQ: 0 ANSI: 5
[    6.436133] scsi target2:0:1: Beginning Domain Validation
[    6.439463] random: fast init done
[    6.448254] scsi target2:0:1: Domain Validation skipping write tests
[    6.462154] scsi target2:0:1: Ending Domain Validation
[    6.469571] scsi target2:0:1: asynchronous
[    6.478028] sd 2:0:0:0: Attached scsi generic sg0 type 0
[    6.480132] sd 2:0:1:0: Attached scsi generic sg1 type 0
[    6.482364] random: systemd-udevd: uninitialized urandom read (16 bytes read)
[    6.487780] random: systemd-udevd: uninitialized urandom read (16 bytes read)
[    6.495826] random: systemd-udevd: uninitialized urandom read (16 bytes read)
[    6.500338] sd 2:0:1:0: [sdb] 20480 512-byte logical blocks: (10.5 MB/10.0 MiB)
[    6.503203] sd 2:0:0:0: [sda] 20971520 512-byte logical blocks: (10.7 GB/10.0 GiB)
[    6.511691] sd 2:0:1:0: [sdb] Write Protect is off
[    6.513886] sd 2:0:1:0: [sdb] Incomplete mode parameter data
[    6.516061] sd 2:0:1:0: [sdb] Assuming drive cache: write through
[    6.518400] sd 2:0:0:0: [sda] Write Protect is off
[    6.520609] sd 2:0:0:0: [sda] Incomplete mode parameter data
[    6.522565] sd 2:0:0:0: [sda] Assuming drive cache: write through
[    6.539055] sd 2:0:1:0: [sdb] Attached SCSI disk
[    6.546785]  sda: sda1
[    6.557726] sd 2:0:0:0: [sda] Attached SCSI disk
[    6.622433] e1000 0000:00:03.0 eth0: (PCI:33MHz:32-bit) 02:63:41:f1:0e:ed
[    6.653073] e1000 0000:00:03.0 eth0: Intel(R) PRO/1000 Network Connection
[    6.678527] e1000 0000:00:03.0 enp0s3: renamed from eth0
Begin: Loading essential drivers ... [    8.208126] raid6: sse2x1   gen()  8037 MB/s
[    8.256479] raid6: sse2x1   xor()  5553 MB/s
[    8.308341] raid6: sse2x2   gen()  9609 MB/s
[    8.360024] raid6: sse2x2   xor()  6012 MB/s
[    8.412235] raid6: sse2x4   gen() 10966 MB/s
[    8.464390] raid6: sse2x4   xor()  7064 MB/s
[    8.528278] raid6: avx2x1   gen() 15437 MB/s
[    8.576110] raid6: avx2x1   xor() 10482 MB/s
[    8.624459] raid6: avx2x2   gen() 16206 MB/s
[    8.672146] raid6: avx2x2   xor()  5506 MB/s
[    8.724141] raid6: avx2x4   gen()  9713 MB/s
[    8.772183] raid6: avx2x4   xor()  9977 MB/s
[    8.787735] raid6: using algorithm avx2x2 gen() 16206 MB/s
[    8.794285] raid6: .... xor() 5506 MB/s, rmw enabled
[    8.802774] raid6: using avx2x2 recovery algorithm
[    8.814730] xor: automatically using best checksumming function   avx       
[    8.838716] async_tx: api initialized (async)
done.
Begin: Running /scripts/init-premount ... done.
Begin: Mounting root file system ... Begin: Running /scripts/local-top ... done.
Begin: Running /scripts/local-premount ... [    8.917910] Btrfs loaded, crc32c=crc32c-intel
Scanning for Btrfs filesystems
done.
Warning: fsck not present, so skipping root file[    9.006553] EXT4-fs (sda1): mounted filesystem with ordered data mode. Opts: (null)
 system
done.
Begin: Running /scripts/local-bottom ... done.
Begin: Running /scripts/init-bottom ... done.
[    9.669972] ip_tables: (C) 2000-2006 Netfilter Core Team
[    9.713661] systemd[1]: systemd 237 running in system mode. (+PAM +AUDIT +SELINUX +IMA +APPARMOR +SMACK +SYSVINIT +UTMP +LIBCRYPTSETUP +GCRYPT +GNUTLS +ACL +XZ +LZ4 +SECCOMP +BLKID +ELFUTILS +KMOD -IDN2 +IDN -PCRE2 default-hierarchy=hybrid)
[    9.766413] systemd[1]: Detected virtualization oracle.
[    9.768607] systemd[1]: Detected architecture x86-64.

Welcome to [1mUbuntu 18.04.4 LTS[0m!

[    9.808468] systemd[1]: Set hostname to <ubuntu>.
[    9.825827] systemd[1]: Initializing machine ID from random generator.
[    9.830092] systemd[1]: Installed transient /etc/machine-id file.
[   10.982469] systemd[1]: Reached target Swap.
[[0;32m  OK  [0m] Reached target Swap.
[   10.995733] systemd[1]: Reached target User and Group Name Lookups.
[[0;32m  OK  [0m] Reached target User and Group Name Lookups.
[   11.016741] systemd[1]: Created slice User and Session Slice.
[[0;32m  OK  [0m] Created slice User and Session Slice.
[   11.027178] systemd[1]: Reached target System Time Synchronized.
[[0;32m  OK  [0m] Reached target System Time Synchronized.
[[0;32m  OK  [0m] Created slice System Slice.
[[0;32m  OK  [0m] Listening on Journal Socket (/dev/log).
[[0;32m  OK  [0m] Listening on Network Service Netlink Socket.
[[0;32m  OK  [0m] Listening on Journal Audit Socket.
[[0;32m  OK  [0m] Listening on Syslog Socket.
[[0;32m  OK  [0m] Listening on /dev/initctl Compatibility Named Pipe.
[[0;32m  OK  [0m] Listening on udev Kernel Socket.
[[0;32m  OK  [0m] Listening on LVM2 poll daemon socket.
[[0;32m  OK  [0m] Listening on Device-mapper event daemon FIFOs.
[[0;32m  OK  [0m] Created slice system-serial\x2dgetty.slice.
[[0;32m  OK  [0m] Listening on udev Control Socket.
[[0;32m  OK  [0m] Listening on LVM2 metadata daemon socket.
[[0;32m  OK  [0m] Listening on Journal Socket.
         Starting Uncomplicated firewall...
         Starting Monitoring of LVM2 mirrors…ng dmeventd or progress polling...
         Starting Set the console keyboard layout...
         Starting udev Coldplug all Devices...
         Starting Create list of required st…ce nodes for the current kernel...
         Starting Load Kernel Modules...
         Mounting Kernel Debug File System...
         Mounting Huge Pages File System...
         Starting Remount Root and Kernel File Systems...
         Mounting POSIX Message Queue File Syste[   11.445938] Loading iSCSI transport class v2.0-870.
m...
         Starting Journal Service...
[[0;32m  OK  [0m] Started Forward Password Requests to Wall Directory Watch.
[[0;32m  OK  [0m] Reached targ[   11.495732] iscsi: registered transport (tcp)
et Slices.
[[0;32m  OK  [0m] Set up automount Arbitrary Executab…rmats File System Automount Point.
[[0;32m  OK  [0m] Started Uncomplicated firewall.
[[0;32m  OK  [0m] Started Create list of required sta…vice nodes for the current kernel.
[[0;32m  OK  [0m] Mounted Kernel Debug File System.
[[0;32m  OK  [0m] Mounted Huge Pages File System.
[[0;32m  OK  [0m] Mounted POSI[   11.569094] EXT4-fs (sda1): re-mounted. Opts: (null)
X Message Queue File System.
[[0;32m  OK  [0m] Started LVM2 metadata daemon.
         Starting Create Static Device Nodes in /dev...
[[0;32m  OK  [0m] Started Journal Service.
[[0;32m  OK  [0m] Started Remount Root and Kernel File Systems.
         Starting Flush Journal to Persistent Storage...
         Starting Load/Save Random Seed...
[[0;32m  OK  [0m] Started Set the console keyboard layout.
[[0;32m  OK  [0m] Started udev Coldplug all Devices.
[[0;32m  OK  [0m] Started Create Static Device Nodes in /dev.
         Starting udev Kernel Device Manager...
[   11.729860] systemd-journald[398]: Received request to flush runtime journal from PID 1
[[0;32m  OK  [0m] Started Load/Save Random Seed.
[   11.789269] iscsi: registered transport (iser)
[[0;32m  OK  [0m] Started Load Kernel Modules.
         Mounting FUSE Control File System...
         Mounting Kernel Configuration File System...
         Starting Apply Kernel Variables...
[[0;32m  OK  [0m] Mounted FUSE Control File System.
[[0;32m  OK  [0m] Started Monitoring of LVM2 mirrors,…sing dmeventd or progress polling.
[[0;32m  OK  [0m] Mounted Kernel Configuration File System.
[[0;32m  OK  [0m] Started Flush Journal to Persistent Storage.
[[0;32m  OK  [0m] Reached target Local File Systems (Pre).
[[0;32m  OK  [0m] Reached target Local File Systems.
         Starting Create Volatile Files and Directories...
         Starting Tell Plymouth To Write Out Runtime Data...
         Starting AppArmor initialization...
         Starting Set console font and keymap...
         Starting Commit a transient machine-id on disk...
         Starting ebtables ruleset management...
[[0;32m  OK  [0m] Started Apply Kernel Variables.
[[0;32m  OK  [0m] Started Tell Plymouth To Write Out Runtime Data.
[[0;32m  OK  [0m] Started Create Volatile Files and Directories.
         Starting Update UTMP about System Boot/Shutdown...
[[0;32m  OK  [0m] Started Set console font and keymap.
[[0;32m  OK  [0m] Started Update UTMP about System Boot/Shutdown.
[[0;32m  OK  [0m] Started Commit a transient machine-id on disk.
[[0;32m  OK  [0m] Started udev Kernel Device Manager.
[[0;32m  OK  [0m] Started ebtables ruleset management.
[[0;32m  OK  [0m] Started Dispatch Password Requests to Console Directory Watch.
[[0;32m  OK  [0m] Reached target Local Encrypted Volumes.
[[0;32m  OK  [0m] Found device /dev/ttyS0.
[[0;32m  OK  [0m] Listening on Load/Save RF Kill Switch Status /dev/rfkill Watch.
[[0;32m  OK  [0m] Started AppArmor initialization.
         Starting Initial cloud-init job (pre-networking)...
[   16.742415] cloud-init[541]: Cloud-init v. 19.4-33-gbb4131a2-0ubuntu1~18.04.1 running 'init-local' at Sat, 11 Apr 2020 21:26:09 +0000. Up 16.21 seconds.
[[0;32m  OK  [0m] Started Initial cloud-init job (pre-networking).
[[0;32m  OK  [0m] Reached target Network (Pre).
         Starting Network Service...
[[0;32m  OK  [0m] Started Network Service.
         Starting Network Name Resolution...
         Starting Wait for Network to be Configured...
[[0;32m  OK  [0m] Started Network Name Resolution.
[[0;32m  OK  [0m] Reached target Network.
[[0;32m  OK  [0m] Reached target Host and Network Name Lookups.
[[0;32m  OK  [0m] Started Wait for Network to be Configured.
         Starting Initial cloud-init job (metadata service crawler)...
[   19.981980] cloud-init[656]: Cloud-init v. 19.4-33-gbb4131a2-0ubuntu1~18.04.1 running 'init' at Sat, 11 Apr 2020 21:26:12 +0000. Up 19.42 seconds.
[   20.002644] cloud-init[656]: ci-info: +++++++++++++++++++++++++++++++++++++Net device info++++++++++++++++++++++++++++++++++++++
[   20.017908] cloud-init[656]: ci-info: +--------+------+---------------------------+---------------+--------+-------------------+
[   20.048283] cloud-init[656]: ci-info: | Device |  Up  |          Address          |      Mask     | Scope  |     Hw-Address    |
[   20.070044] cloud-init[656]: ci-info: +--------+------+---------------------------+---------------+--------+-------------------+
[   20.096653] cloud-init[656]: ci-info: | enp0s3 | True |         10.0.2.15         | 255.255.255.0 | global | 02:63:41:f1:0e:ed |
[   20.120309] cloud-init[656]: ci-info: | enp0s3 | True | fe80::63:41ff:fef1:eed/64 |       .       |  link  | 02:63:41:f1:0e:ed |
[   20.137719] cloud-init[656]: ci-info: |   lo   | True |         127.0.0.1         |   255.0.0.0   |  host  |         .         |
[   20.169456] cloud-init[656]: ci-info: |   lo   | True |          ::1/128          |       .       |  host  |         .         |
[   20.182359] cloud-init[656]: ci-info: +--------+------+---------------------------+---------------+--------+-------------------+
[   20.232231] cloud-init[656]: ci-info: ++++++++++++++++++++++++++++Route IPv4 info+++++++++++++++++++++++++++++
[   20.253070] cloud-init[656]: ci-info: +-------+-------------+----------+-----------------+-----------+-------+
[   20.304377] cloud-init[656]: ci-info: | Route | Destination | Gateway  |     Genmask     | Interface | Flags |
[   20.371215] cloud-init[656]: ci-info: +-------+-------------+----------+-----------------+-----------+-------+
[   20.390047] cloud-init[656]: ci-info: |   0   |   0.0.0.0   | 10.0.2.2 |     0.0.0.0     |   enp0s3  |   UG  |
[   20.408567] cloud-init[656]: ci-info: |   1   |   10.0.2.0  | 0.0.0.0  |  255.255.255.0  |   enp0s3  |   U   |
[   20.424177] cloud-init[656]: ci-info: |   2   |   10.0.2.2  | 0.0.0.0  | 255.255.255.255 |   enp0s3  |   UH  |
[   20.434453] cloud-init[656]: ci-info: +-------+-------------+----------+-----------------+-----------+-------+
[   20.467870] cloud-init[656]: ci-info: +++++++++++++++++++Route IPv6 info+++++++++++++++++++
[   20.480441] cloud-init[656]: ci-info: +-------+-------------+---------+-----------+-------+
[   20.495154] cloud-init[656]: ci-info: | Route | Destination | Gateway | Interface | Flags |
[   20.503560] cloud-init[656]: ci-info: +-------+-------------+---------+-----------+-------+
[   20.512375] cloud-init[656]: ci-info: |   1   |  fe80::/64  |    ::   |   enp0s3  |   U   |
[   20.526087] cloud-init[656]: ci-info: |   3   |    local    |    ::   |   enp0s3  |   U   |
[   20.544053] cloud-init[656]: ci-info: |   4   |   ff00::/8  |    ::   |   enp0s3  |   U   |
[   20.552464] cloud-init[656]: ci-info: +-------+-------------+---------+-----------+-------+
[   22.071284] cloud-init[656]: Generating public/private rsa key pair.
[   22.077680] cloud-init[656]: Your identification has been saved in /etc/ssh/ssh_host_rsa_key.
[   22.101537] cloud-init[656]: Your public key has been saved in /etc/ssh/ssh_host_rsa_key.pub.
[   22.107317] cloud-init[656]: The key fingerprint is:
[   22.111474] cloud-init[656]: SHA256:Ijb9K/gI5aUPauOCvRdJEdTQNpTdPYswJppS05nR8zA root@ubuntu-bionic
[   22.128691] cloud-init[656]: The key's randomart image is:
[   22.161146] cloud-init[656]: +---[RSA 2048]----+
[   22.168821] cloud-init[656]: |   .+BoB . .     |
[   22.188489] cloud-init[656]: |    + @ E . o    |
[   22.204553] cloud-init[656]: |   . * + B . o   |
[   22.207978] cloud-init[656]: |  . +.    o .    |
[   22.211503] cloud-init[656]: |   o=.+ S        |
[   22.221109] cloud-init[656]: |   +o= o         |
[   22.227622] cloud-init[656]: |... +o  .        |
[[0;32m  OK  [0m] Started Initial cloud-init job (metadata service crawler).
[   22.262472] [[0;32m  OK  [0m] Reached target System Initialization.
[[0;32m  OK  [0m] Started Daily Cleanup of Temporary Directories.
cloud-init[656]: |o +oo+.  .       |
[   22.284936] [[0;32m  OK  [0m] Started Message of the Day.
[[0;32m  OK  [0m] Started Discard unused blocks once a week.
cloud-init[656]: | +++..o..        |
[   22.309167] cloud-init         [656]: Starting LXD - unix socket.+----[SHA256]-----+

[[0;32m  OK  [0m] Listening on UUID daemon activation socket.
[   22.318746] cloud-init[656]: Generating public/private dsa key pair.
[   22.334491] cloud-init[656]: [[0;32m  OK  [0m] Started ACPI Events Check.
[[0;32m  OK  [0m] Reached target Paths.
Your identification has been saved in /etc/ssh/ssh_host_dsa_key.
[   22.354874] [[0;32m  OK  [0m] Listening on ACPID Listen Socket.
cloud-init[656]: Your public key has been saved in /etc/ssh/ssh_host_dsa_key.pub.
[   22.364879] cloud-init[656]: The key fingerprint is:
         Starting Socket activation for snappy daemon.
[   22.377585] [[0;32m  OK  [0m] Listening on Open-iSCSI iscsid Socket.
[[0;32m  OK  [0m] Started Daily apt download activities.
cloud-init[656]: SHA256:A/5RJiJIwLpX3SxruE5oZT2z6M4CmZ3AFvJFUVrM4xc root@ubuntu-bionic
[   22.516292] cloud-init[656]: The key's randomart image is:
[[0;32m  OK  [0m] Started Daily apt upgrade and clean activities.
[[0;32m  OK  [0m] Reached target Timers.
[   22.635336] cloud-init[[656]: [0;32m  OK  [0m+---[DSA 1024]----+] 
Listening on D-Bus System Message Bus Socket.
[   22.637002] [cloud-init[0;32m  OK  [0m[656]: ] |o...o=o          |Reached target Network is Online.

[   22.749648] [cloud-init[0;32m  OK  [0m[656]: ] |.+ ..o+ E        |
Reached target Remote File Systems (Pre).
[[0;32m  OK  [0m] Reached target Remote File Systems.
[   22.751194] cloud-init[656]: |+.o.ooo+..o      |
         Starting Availability of block devices...
[   22.896585] cloud-init[656]: |oo. .++o++       |
[   22.936535] cloud-init[656]: |.* oo.=+S        |
[[0;32m  OK  [0m] Reached target Cloud-config availability.
[   22.938194] [[0;32m  OK  [0m] Listening on LXD - unix socket.
[[0;32m  OK  [0m] Listening on Socket activation for snappy daemon.
[[0;32m  OK  [0m] Started Availability of block devices.
[[0;32m  OK  [0m] Reached target Sockets.
[[0;32m  OK  [0m] Reached target Basic System.
cloud-init[656]: |= ++..o= o       |
[[0;32m  OK  [0m] Started Deferred execution scheduler.
         Starting Accounts Service...
         Starting LXD - container startup/shutdown...
[   23.038197] cloud-init[656]: | oo oo. .        |
[   23.082425] cloud-init[656]: | ..+.            |
[   23.096739] cloud-init[656]: |   +=            |
[   23.105216] cloud-init[656]: +----[SHA256]-----+
[   23.125349] cloud-init[656]: Generating public/private ecdsa key pair.
[   23.136508] cloud-init[656]: Your identification has been saved in /etc/ssh/ssh_host_ecdsa_key.
[   23.148907] cloud-init[656]: Your public key has been saved in /etc/ssh/ssh_host_ecdsa_key.pub.
[   23.159454] cloud-init[656]: The key fingerprint is:
[   23.165121] cloud-init[656]: SHA256:hwQUv1/bQU71DARJK5IAsMv+77JRaBdAOhGknyY4pyw root@ubuntu-bionic
[   23.178007] cloud-init[656]: The key's randomart image is:
[   23.181017] cloud-init[656]: +---[ECDSA 256]---+
[   23.183582] cloud-init[656]: | .=++o=.   .o+o .|
[   23.186399] cloud-init[656]: | . + . + .  .. +.|
[   23.188575] cloud-init[656]: |. +   . = . . o o|
[   23.191623] cloud-init[656]: |.o + . o + . +   |
[   23.194676] cloud-init[656]: |+ B o o S . . o  |
[   23.197298] cloud-init[656]: |.B . o   o . o . |
[   23.212777] cloud-init[656]: |E.. .     . . .  |
[   23.215519] cloud-init[656]: |.  ...           |
[   23.220049] cloud-init[656]: |    o=o          |
[   23.241619] cloud-init[656]: +----[SHA256]-----+
[   23.243439] cloud-init[656]: Generating public/private ed25519 key pair.
[   23.243706] cloud-init[656]: Your identification has been saved in /etc/ssh/ssh_host_ed25519_key.
[   23.243829] cloud-init[656]: Your public key has been saved in /etc/ssh/ssh_host_ed25519_key.pub.
[   23.243932] cloud-init[656]: The key fingerprint is:
         Starting Dispatcher daemon for systemd-networkd...
[   23.247872] cloud-init[656]:          Starting Virtualbox guest utils...
         Starting Permit User Sessions...
[[0;32m  OK  [0m] Started D-Bus System Message Bus.
SHA256:7IGcV2b14/U7veOY0bf74s27Fm+lpK3PaDNtX1X7S+I root@ubuntu-bionic
[   23.361581] cloud-init[656]: The key's randomart image is:
[   23.379953] cloud-init[656]: +--[ED25519 256]--+
[   23.408416] cloud-init[656]: |            .    |
         Starting LSB: automatic crash report generation...
[   23.443676] cloud-init[656]: |           . .   |
         Starting System Logging Service...
[   23.530500] cloud-init[656]: |          +   o o|
[   23.555469] cloud-init[656]: |     . + +   . o+|
[   23.560209] cloud-init[656]: |      + S     ..o|
[   23.568540] cloud-init[656]: |       o .    o.*|
[   23.582252] cloud-init[656]: |        .    B *O|
[   23.595244] cloud-init[656]: |            *o%=X|
[   23.603960] cloud-init[656]: |           .oE*%@|
[   23.610077] cloud-init[656]: +----[SHA256]-----+
[[0;32m  OK  [0m] Started Regular background program processing daemon.
[[0;32m  OK  [0m] Started irqbalance daemon.
         Starting Pollinate to seed the pseudo random number generator...
         Starting LSB: Record successful boot for GRUB...
         Starting Login Service...
         Starting Snappy daemon...
[[0;32m  OK  [0m] Started FUSE filesystem for LXC.
[[0;32m  OK  [0m] Started System Logging Service.
[[0;32m  OK  [0m] Started Permit User Sessions.
[[0;32m  OK  [0m] Started Login Service.
[[0;32m  OK  [0m] Started Unattended Upgrades Shutdown.
         Starting Authorization Manager...
         Starting Terminate Plymouth Boot Screen...
         Starting Hold until boot process finishes up...
[[0;32m  OK  [0m] Started Hold until boot process finishes up.
[[0;32m  OK  [0m] Started Terminate Plymouth Boot Screen.
         Starting Set console scheme...
[[0;32m  OK  [0m] Started Serial Getty on ttyS0.
[[0;32m  OK  [0m] Started LSB: automatic crash report generation.
[[0;32m  OK  [0m] Started Set console scheme.
[[0;32m  OK  [0m] Created slice system-getty.slice.
[[0;32m  OK  [0m] Started Getty on tty1.
[[0;32m  OK  [0m] Reached target Login Prompts.
[[0;32m  OK  [0m] Started LSB: Record successful boot for GRUB.
[[0;32m  OK  [0m] Started LXD - container startup/shutdown.
[[0;32m  OK  [0m] Started Authorization Manager.
[[0;32m  OK  [0m] Started Accounts Service.
[[0;32m  OK  [0m] Started Virtualbox guest utils.
[[0;32m  OK  [0m] Started Dispatcher daemon for systemd-networkd.
[[0;32m  OK  [0m] Started Snappy daemon.
         Starting Wait until snapd is fully seeded...
[[0;32m  OK  [0m] Started Pollinate to seed the pseudo random number generator.
         Starting OpenBSD Secure Shell server...
[[0;32m  OK  [0m] Started OpenBSD Secure Shell server.
[[0;32m  OK  [0m] Created slice User Slice of vagrant.
         Starting User Manager for UID 1000...
[[0;32m  OK  [0m] Started Session 1 of user vagrant.
[[0;32m  OK  [0m] Started User Manager for UID 1000.
[[0;32m  OK  [0m] Started Wait until snapd is fully seeded.
         Starting Apply the settings specified in cloud-config...
[[0;32m  OK  [0m] Reached target Multi-User System.
[[0;32m  OK  [0m] Reached target Graphical Interface.
         Starting Update UTMP about System Runlevel Changes...
[[0;32m  OK  [0m] Started Update UTMP about System Runlevel Changes.

Ubuntu 18.04.4 LTS ubuntu-bionic ttyS0

ubuntu-bionic login: [   31.092379] cloud-init[1193]: Cloud-init v. 19.4-33-gbb4131a2-0ubuntu1~18.04.1 running 'modules:config' at Sat, 11 Apr 2020 21:26:22 +0000. Up 29.12 seconds.
ci-info: no authorized SSH keys fingerprints found for user ubuntu.
<14>Apr 11 21:26:25 ec2: 
<14>Apr 11 21:26:25 ec2: #############################################################
<14>Apr 11 21:26:25 ec2: -----BEGIN SSH HOST KEY FINGERPRINTS-----
<14>Apr 11 21:26:25 ec2: 1024 SHA256:A/5RJiJIwLpX3SxruE5oZT2z6M4CmZ3AFvJFUVrM4xc root@ubuntu-bionic (DSA)
<14>Apr 11 21:26:25 ec2: 256 SHA256:hwQUv1/bQU71DARJK5IAsMv+77JRaBdAOhGknyY4pyw root@ubuntu-bionic (ECDSA)
<14>Apr 11 21:26:25 ec2: 256 SHA256:7IGcV2b14/U7veOY0bf74s27Fm+lpK3PaDNtX1X7S+I root@ubuntu-bionic (ED25519)
<14>Apr 11 21:26:25 ec2: 2048 SHA256:Ijb9K/gI5aUPauOCvRdJEdTQNpTdPYswJppS05nR8zA root@ubuntu-bionic (RSA)
<14>Apr 11 21:26:25 ec2: -----END SSH HOST KEY FINGERPRINTS-----
<14>Apr 11 21:26:25 ec2: #############################################################
-----BEGIN SSH HOST KEY KEYS-----
ecdsa-sha2-nistp256 AAAAE2VjZHNhLXNoYTItbmlzdHAyNTYAAAAIbmlzdHAyNTYAAABBBFuSeQxUYtyag9uxwI1dVlcEbcPCWtJLzGXzpC2Ub5EHPdir/r4DAYMhl3qt4Pa9XjqiDpM7rhoU0mzXmPkcfAo= root@ubuntu-bionic
ssh-ed25519 AAAAC3NzaC1lZDI1NTE5AAAAIDGPnJjeGQcyPXFHPykIBH3cJXlkWxga/lB/dMhXYyU6 root@ubuntu-bionic
ssh-rsa AAAAB3NzaC1yc2EAAAADAQABAAABAQDhY10UCW9HYBYsVd+g0hxQGPlab3CTDR80HxD2f6BIKXxqGQT8BtnTueQvPkJzBfR1npjrJxwtRpXYyAMAeKW5rIqoFBCTvP2kEWTgtSxXyJ2lxoWdFal1omqbdgOd/YGG/fWDdajYmtl/xHM3Qtbd0Od8ZKTibSz7Msp6ZSzD63tnGjP6ON4AAHcQ1grXeRtHXlehVzJ4EhosRuX0YQY3XXhlJLUEpB+1LCbKZqurU4x/DfyK2v/UjQeuxNUuN7M6vuvnl7SK7Ue+lRD2IR6DOyp7amtuv+ycoeE+myyxN0sAzzrmhJaYSgCZUxCLj/buTpYCdNH1IDpInCc2vQTJ root@ubuntu-bionic
-----END SSH HOST KEY KEYS-----
[   32.309260] cloud-init[1340]: Cloud-init v. 19.4-33-gbb4131a2-0ubuntu1~18.04.1 running 'modules:final' at Sat, 11 Apr 2020 21:26:24 +0000. Up 31.99 seconds.
[   32.309602] cloud-init[1340]: ci-info: no authorized SSH keys fingerprints found for user ubuntu.
[   32.309745] cloud-init[1340]: Cloud-init v. 19.4-33-gbb4131a2-0ubuntu1~18.04.1 finished at Sat, 11 Apr 2020 21:26:25 +0000. Datasource DataSourceNoCloud [seed=/dev/sdb][dsmode=net].  Up 32.29 seconds
